0 info it worked if it ends with ok
1 verbose cli [ 'C:\\Program Files\\nodejs\\\\node.exe',
1 verbose cli   'C:\\Program Files\\nodejs\\node_modules\\npm\\bin\\npm-cli.js',
1 verbose cli   'install',
1 verbose cli   '--save',
1 verbose cli   'ngaudio' ]
2 info using npm@1.4.9
3 info using node@v0.10.26
4 verbose node symlink C:\Program Files\nodejs\\node.exe
5 verbose readDependencies using package.json deps
6 verbose cache add [ 'ngaudio', null ]
7 verbose cache add name=undefined spec="ngaudio" args=["ngaudio",null]
8 verbose parsed url { protocol: null,
8 verbose parsed url   slashes: null,
8 verbose parsed url   auth: null,
8 verbose parsed url   host: null,
8 verbose parsed url   port: null,
8 verbose parsed url   hostname: null,
8 verbose parsed url   hash: null,
8 verbose parsed url   search: null,
8 verbose parsed url   query: null,
8 verbose parsed url   pathname: 'ngaudio',
8 verbose parsed url   path: 'ngaudio',
8 verbose parsed url   href: 'ngaudio' }
9 silly lockFile b583ba2a-ngaudio ngaudio
10 verbose lock ngaudio C:\Users\Daniel\AppData\Roaming\npm-cache\b583ba2a-ngaudio.lock
11 silly lockFile b583ba2a-ngaudio ngaudio
12 silly lockFile b583ba2a-ngaudio ngaudio
13 verbose addNamed [ 'ngaudio', '' ]
14 verbose addNamed [ null, '*' ]
15 silly lockFile 223bd925-ngaudio ngaudio@
16 verbose lock ngaudio@ C:\Users\Daniel\AppData\Roaming\npm-cache\223bd925-ngaudio.lock
17 silly addNameRange { name: 'ngaudio', range: '*', hasData: false }
18 verbose url raw ngaudio
19 verbose url resolving [ 'https://registry.npmjs.org/', './ngaudio' ]
20 verbose url resolved https://registry.npmjs.org/ngaudio
21 info trying registry request attempt 1 at 12:31:29
22 http GET https://registry.npmjs.org/ngaudio
23 http 404 https://registry.npmjs.org/ngaudio
24 silly registry.get cb [ 404,
24 silly registry.get   { 'content-type': 'application/json',
24 silly registry.get     'cache-control': 'max-age=0',
24 silly registry.get     'content-length': '2',
24 silly registry.get     'accept-ranges': 'bytes',
24 silly registry.get     date: 'Fri, 04 Sep 2015 10:31:33 GMT',
24 silly registry.get     via: '1.1 varnish',
24 silly registry.get     age: '0',
24 silly registry.get     connection: 'keep-alive',
24 silly registry.get     'x-served-by': 'cache-lhr6334-LHR',
24 silly registry.get     'x-cache': 'MISS',
24 silly registry.get     'x-cache-hits': '0',
24 silly registry.get     'x-timer': 'S1441362692.492588,VS0,VE638' } ]
25 silly lockFile 223bd925-ngaudio ngaudio@
26 silly lockFile 223bd925-ngaudio ngaudio@
27 error 404 Not Found
27 error 404
27 error 404 'ngaudio' is not in the npm registry.
27 error 404 You should bug the author to publish it
27 error 404 It was specified as a dependency of 'player'
27 error 404
27 error 404 Note that you can also install from a
27 error 404 tarball, folder, or http url, or git url.
28 error System Windows_NT 6.1.7601
29 error command "C:\\Program Files\\nodejs\\\\node.exe" "C:\\Program Files\\nodejs\\node_modules\\npm\\bin\\npm-cli.js" "install" "--save" "ngaudio"
30 error cwd C:\Users\Daniel\Desktop\repositorios\player
31 error node -v v0.10.26
32 error npm -v 1.4.9
33 error code E404
34 verbose exit [ 1, true ]
